<?xml version="1.0" encoding="UTF-8"?>
<testng-results ignored="0" total="3" passed="3" failed="0" skipped="0">
  <reporter-output>
  </reporter-output>
  <suite started-at="2024-02-24T19:51:30Z" name="Suite1" finished-at="2024-02-24T19:51:30Z" duration-ms="757">
    <groups>
      <group name="cucumber">
        <method signature="AbstractTestNGCucumberTests.runScenario(io.cucumber.testng.PickleWrapper, io.cucumber.testng.FeatureWrapper)[pri:0, instance:runner.testRunner@6392827e]" name="runScenario" class="io.cucumber.testng.AbstractTestNGCucumberTests"/>
      </group> <!-- cucumber -->
    </groups>
    <test started-at="2024-02-24T19:51:30Z" name="Nopackage" finished-at="2024-02-24T19:51:30Z" duration-ms="757">
      <class name="runner.testRunner">
        <test-method is-config="true" signature="setUpClass(org.testng.ITestContext)[pri:0, instance:runner.testRunner@6392827e]" started-at="2024-02-24T19:51:30Z" name="setUpClass" finished-at="2024-02-24T19:51:30Z" duration-ms="570" status="PASS">
          <params>
            <param index="0">
              <value>
                <![CDATA[org.testng.TestRunner@5f7b97da]]>
              </value>
            </param>
          </params>
          <reporter-output>
          </reporter-output>
        </test-method> <!-- setUpClass -->
        <test-method signature="runScenario(io.cucumber.testng.PickleWrapper, io.cucumber.testng.FeatureWrapper)[pri:0, instance:runner.testRunner@6392827e]" started-at="2024-02-24T19:51:30Z" name="runScenario" description="Runs Cucumber Scenarios" data-provider="scenarios" finished-at="2024-02-24T19:51:30Z" duration-ms="135" status="PASS">
          <params>
            <param index="0">
              <value>
                <![CDATA["searching product in google"]]>
              </value>
            </param>
            <param index="1">
              <value>
                <![CDATA["seaching product"]]>
              </value>
            </param>
          </params>
          <reporter-output>
          </reporter-output>
        </test-method> <!-- runScenario -->
        <test-method signature="runScenario(io.cucumber.testng.PickleWrapper, io.cucumber.testng.FeatureWrapper)[pri:0, instance:runner.testRunner@6392827e]" started-at="2024-02-24T19:51:30Z" name="runScenario" description="Runs Cucumber Scenarios" data-provider="scenarios" finished-at="2024-02-24T19:51:30Z" duration-ms="7" status="PASS">
          <params>
            <param index="0">
              <value>
                <![CDATA["searching product in google"]]>
              </value>
            </param>
            <param index="1">
              <value>
                <![CDATA["seaching product"]]>
              </value>
            </param>
          </params>
          <reporter-output>
          </reporter-output>
        </test-method> <!-- runScenario -->
        <test-method signature="runScenario(io.cucumber.testng.PickleWrapper, io.cucumber.testng.FeatureWrapper)[pri:0, instance:runner.testRunner@6392827e]" started-at="2024-02-24T19:51:30Z" name="runScenario" description="Runs Cucumber Scenarios" data-provider="scenarios" finished-at="2024-02-24T19:51:30Z" duration-ms="9" status="PASS">
          <params>
            <param index="0">
              <value>
                <![CDATA["searching product in google"]]>
              </value>
            </param>
            <param index="1">
              <value>
                <![CDATA["seaching product"]]>
              </value>
            </param>
          </params>
          <reporter-output>
          </reporter-output>
        </test-method> <!-- runScenario -->
        <test-method is-config="true" signature="tearDownClass()[pri:0, instance:runner.testRunner@6392827e]" started-at="2024-02-24T19:51:30Z" name="tearDownClass" finished-at="2024-02-24T19:51:30Z" duration-ms="4" status="PASS">
          <reporter-output>
          </reporter-output>
        </test-method> <!-- tearDownClass -->
      </class> <!-- runner.testRunner -->
    </test> <!-- Nopackage -->
  </suite> <!-- Suite1 -->
</testng-results>
